<?xml version="1.0" encoding="UTF-8"?>
<!-- Generated by org.testng.reporters.JUnitXMLReporter -->
<testsuite ignored="0" hostname="DESKTOP-RTPCRIL" failures="1" tests="2" name="EdgeTest" time="24.483" errors="0" timestamp="2024-01-28T02:08:34 IST">
  <testcase classname="com.mystore.testcases.IndexPageTest" name="verifyLogo" time="1.074"/>
  <testcase classname="com.mystore.testcases.IndexPageTest" name="verifyTitle" time="0.023">
    <failure type="java.lang.AssertionError" message="expected [My Shop1] but found [My Shop]">
      <![CDATA[java.lang.AssertionError: expected [My Shop1] but found [My Shop]
at com.mystore.testcases.IndexPageTest.verifyTitle(IndexPageTest.java:41)
at java.base/java.util.ArrayList.forEach(ArrayList.java:1511)
at java.base/java.util.concurrent.FutureTask.run(FutureTask.java:264)
at java.base/java.util.concurrent.ThreadPoolExecutor.runWorker(ThreadPoolExecutor.java:1136)
at java.base/java.util.concurrent.ThreadPoolExecutor$Worker.run(ThreadPoolExecutor.java:635)
at java.base/java.lang.Thread.run(Thread.java:840)
... Removed 24 stack frames]]>
    </failure>
  </testcase> <!-- verifyTitle -->
</testsuite> <!-- EdgeTest -->
